<?xml version="1.0" encoding="UTF-8"?>
<testsuites name="Anh Cr" time="5.812" tests="1" failures="0" errors="0">
   <testsuite name="Anh Cr" tests="1" failures="0" errors="0" time="5.812" skipped="0" timestamp="24-08-2024T01:45:23" hostname="mohammedjabir - localhost" id="Test Suites/Anh Cr">
      <properties>
         <property name="deviceName" value=""/>
         <property name="devicePlatform"/>
         <property name="logFolder" value="/Users/mohammedjabir/git/Test123/Reports/20240824_014521/Anh Cr/20240824_014522"/>
         <property name="logFiles" value="/Users/mohammedjabir/git/Test123/Reports/20240824_014521/Anh Cr/20240824_014522/execution0.log"/>
         <property name="attachments" value=""/>
         <property name="hostName" value="mohammedjabir - localhost"/>
         <property name="os" value="Mac OS X 64bit"/>
         <property name="katalonVersion" value="9.6.0.217"/>
         <property name="browser" value="Chrome 127.0.0.0"/>
         <property name="hostAddress" value="127.0.0.1"/>
         <property name="sessionId" value="d53a0db79f4eca48e8c3658107d2b2e9"/>
         <property name="seleniumVersion" value="3.141.59"/>
         <property name="proxyInformation" value="ProxyInformation { proxyOption=NO_PROXY, proxyServerType=HTTP, username=, password=********, proxyServerAddress=, proxyServerPort=0, executionList=&quot;&quot;, isApplyToDesiredCapabilities=true }"/>
         <property name="platform" value="Mac OS X"/>
      </properties>
      <testcase name="Test Cases/Test2" time="5.759" classname="Test Cases/Test2" status="PASSED">
         <system-out><![CDATA[24-08-2024T01:45:23 - [TEST_CASE][PASSED] - Test Cases/Test2: Test Cases/Test2

24-08-2024T01:45:23 - [TEST_STEP][PASSED] - openBrowser(""): Browser is opened with url: ''

24-08-2024T01:45:23 - [MESSAGE][INFO] - Starting 'Chrome' driver

24-08-2024T01:45:23 - [MESSAGE][INFO] - User set preference: ['property', '']

24-08-2024T01:45:23 - [MESSAGE][INFO] - Custom chrome detected at location: /Users/mohammedjabir/git/Test123/Include/drivers/chromedriver_mac64/chromedriver

24-08-2024T01:45:23 - [MESSAGE][INFO] - Action delay is set to 0 milliseconds

24-08-2024T01:45:25 - [MESSAGE][PASSED] - Browser is opened with url: ''

24-08-2024T01:45:25 - [TEST_STEP][PASSED] - navigateToUrl("https://katalon-demo-cura.herokuapp.com/"): Navigate to 'https://katalon-demo-cura.herokuapp.com/' successfully

24-08-2024T01:45:27 - [MESSAGE][PASSED] - Navigate to 'https://katalon-demo-cura.herokuapp.com/' successfully

24-08-2024T01:45:27 - [TEST_STEP][PASSED] - switchToWindowTitle("CURA Healthcare Service"): Switched to window with title: 'CURA Healthcare Service'

24-08-2024T01:45:27 - [MESSAGE][PASSED] - Switched to window with title: 'CURA Healthcare Service'

24-08-2024T01:45:27 - [TEST_STEP][PASSED] - click(findTestObject("Object Repository/Test3/Page_CURA Healthcare Service/a_Make Appointment")): Object: 'Object Repository/Test3/Page_CURA Healthcare Service/a_Make Appointment' is clicked on

24-08-2024T01:45:28 - [MESSAGE][PASSED] - Object: 'Object Repository/Test3/Page_CURA Healthcare Service/a_Make Appointment' is clicked on

24-08-2024T01:45:28 - [TEST_STEP][PASSED] - doubleClick(findTestObject("Object Repository/Test3/Page_CURA Healthcare Service/p_Please login to make appointment")): Object: 'Object Repository/Test3/Page_CURA Healthcare Service/p_Please login to make appointment' is double clicked on

24-08-2024T01:45:28 - [MESSAGE][PASSED] - Object: 'Object Repository/Test3/Page_CURA Healthcare Service/p_Please login to make appointment' is double clicked on

24-08-2024T01:45:28 - [TEST_STEP][PASSED] - verifyElementPresent(findTestObject("Object Repository/Test3/Page_CURA Healthcare Service/p_Please login to make appointment"), 0): Object 'Object Repository/Test3/Page_CURA Healthcare Service/p_Please login to make appointment' is present

24-08-2024T01:45:28 - [MESSAGE][WARNING] - Timeout '0' is invalid. Using default page load timeout: '30'

24-08-2024T01:45:29 - [MESSAGE][PASSED] - Object 'Object Repository/Test3/Page_CURA Healthcare Service/p_Please login to make appointment' is present

24-08-2024T01:45:29 - [TEST_STEP][PASSED] - closeBrowser(): Browser is closed

24-08-2024T01:45:29 - [MESSAGE][PASSED] - Browser is closed]]></system-out>
         <system-err><![CDATA[]]></system-err>
      </testcase>
      <system-out><![CDATA[24-08-2024T01:45:23 - [TEST_SUITE][PASSED] - Anh Cr: Test Cases/Test2]]></system-out>
      <system-err><![CDATA[]]></system-err>
   </testsuite>
</testsuites>
